<?xml version="1.0" encoding="UTF-8"?>
<!-- Generated by org.testng.reporters.JUnitReportReporter -->
<testsuite hostname="DESKTOP-UMAL0KC" failures="0" tests="1" name="opencartTestCases.LoginTest" time="15.658" errors="0" timestamp="2024-06-17T22:09:35 IST" skipped="0">
  <testcase classname="opencartTestCases.LoginTest" name="LoginTC" time="15.658"/>
  <system-out/>
</testsuite> <!-- opencartTestCases.LoginTest -->
