<?xml version="1.0" encoding="UTF-8"?>
<!-- Generated by org.testng.reporters.JUnitReportReporter -->
<testsuite hostname="DESKTOP-UMAL0KC" failures="0" tests="1" name="opencartTestCases.RegistrationTest" time="20.779" errors="0" timestamp="2024-06-18T09:44:01 IST" skipped="0">
  <testcase classname="opencartTestCases.RegistrationTest" name="RegistrationTC" time="20.779"/>
  <system-out/>
</testsuite> <!-- opencartTestCases.RegistrationTest -->
