<?xml version="1.0" encoding="UTF-8"?>
<!-- Generated by org.testng.reporters.JUnitReportReporter -->
<testsuite hostname="DESKTOP-UMAL0KC" failures="0" tests="1" name="opencartTestCases.AddToCartTest" time="65.568" errors="0" timestamp="2024-06-18T12:12:14 IST" skipped="0">
  <testcase classname="opencartTestCases.AddToCartTest" name="addToCartTC" time="65.568"/>
  <system-out/>
</testsuite> <!-- opencartTestCases.AddToCartTest -->
