<?xml version="1.0" encoding="UTF-8"?>
<!-- Generated by org.testng.reporters.JUnitReportReporter -->
<testsuite hostname="DESKTOP-UMAL0KC" failures="0" tests="1" name="rest_assured.OpenCartAPITest" time="2.784" errors="0" timestamp="2024-06-18T22:15:39 IST" skipped="0">
  <testcase classname="rest_assured.OpenCartAPITest" name="testGetProductById" time="2.784"/>
</testsuite> <!-- rest_assured.OpenCartAPITest -->
