<?xml version="1.0" encoding="UTF-8"?>
<!-- Generated by org.testng.reporters.JUnitReportReporter -->
<testsuite hostname="DESKTOP-UMAL0KC" failures="0" tests="1" name="opencartTestCases.CheckoutTest" time="56.643" errors="0" timestamp="2024-06-18T16:38:53 IST" skipped="0">
  <testcase classname="opencartTestCases.CheckoutTest" name="checkoutTC" time="56.643"/>
</testsuite> <!-- opencartTestCases.CheckoutTest -->
